[35m[Appium][39m Welcome to Appium v1.21.0
[35m[Appium][39m Non-default server args:
[35m[Appium][39m   port: 51367
[35m[Appium][39m   loglevel: info
[35m[Appium][39m   tmpDir: /var/folders/r9/x26cy6x527l7hmrdgktfnhk80000gp/T//Katalon/Appium/Temp1628342703078
[35m[Appium][39m   chromedriverPort: 51368
[35m[Appium][39m Deprecated server args:
[35m[Appium][39m   [31m--chromedriver-port[39m => --default-capabilities
[35m[Appium][39m Default capabilities, which will be added to each request unless overridden by desired capabilities:
[35m[Appium][39m   chromedriverPort: 51368
[35m[Appium][39m Appium REST http interface listener started on 0.0.0.0:51367
[35m[HTTP][39m [37m-->[39m [37mGET[39m [37m/wd/hub/status[39m
[35m[HTTP][39m [90m{}[39m
[35m[HTTP][39m [37m<-- GET /wd/hub/status [39m[32m200[39m [90m6 ms - 68[39m
[35m[HTTP][39m [90m[39m
[35m[HTTP][39m [37m-->[39m [37mGET[39m [37m/wd/hub/status[39m
[35m[HTTP][39m [90m{}[39m
[35m[HTTP][39m [37m<-- GET /wd/hub/status [39m[32m200[39m [90m1 ms - 68[39m
[35m[HTTP][39m [90m[39m
[35m[HTTP][39m [37m-->[39m [37mPOST[39m [37m/wd/hub/session[39m
[35m[HTTP][39m [90m{"desiredCapabilities":{"app":"/Users/arisahazriaty/Katalon Studio/Mobile-Calculator/Data Files/Kalkulator.apk","noReset":true,"deviceName":"samsung SM-A515F (Android 11)","fullReset":false,"platform":"ANDROID","newCommandTimeout":1800,"platformVersion":"11","automationName":"uiautomator2","autoGrantPermissions":true,"platformName":"Android","udid":"RR8N104PCNW","systemPort":51378},"capabilities":{"firstMatch":[{"appium:app":"/Users/arisahazriaty/Katalon Studio/Mobile-Calculator/Data Files/Kalkulator.apk","appium:autoGrantPermissions":true,"appium:automationName":"uiautomator2","appium:deviceName":"samsung SM-A515F (Android 11)","appium:fullReset":false,"appium:newCommandTimeout":1800,"appium:noReset":true,"platform":"ANDROID","platformName":"android","appium:platformVersion":"11","appium:systemPort":51378,"appium:udid":"RR8N104PCNW"}]}}[39m
[35m[BaseDriver][39m The following capabilities are not standard capabilities and should have an extension prefix:
[35m[BaseDriver][39m   platform
[35m[BaseDriver][39m   chromedriverPort
[35m[Appium][39m Appium v1.21.0 creating new AndroidUiautomator2Driver (v1.65.0) session
[35m[BaseDriver][39m The following capabilities were provided, but are not recognized by Appium:
[35m[BaseDriver][39m   platform
[35m[BaseDriver][39m Session created with session id: 4d8bbb53-a888-4f11-a144-5d0fcb2dc27c
[35m[BaseDriver][39m Using local app '/Users/arisahazriaty/Katalon Studio/Mobile-Calculator/Data Files/Kalkulator.apk'
[35m[ADB][39m Found 1 'build-tools' folders under '/Users/arisahazriaty/.katalon/tools/android_sdk' (newest first):
[35m[ADB][39m     /Users/arisahazriaty/.katalon/tools/android_sdk/build-tools/29.0.3
[35m[ADB][39m Using 'adb' from '/Users/arisahazriaty/.katalon/tools/android_sdk/platform-tools/adb'
[35m[AndroidDriver][39m Retrieving device list
[35m[AndroidDriver][39m Using device: RR8N104PCNW
[35m[ADB][39m Using 'adb' from '/Users/arisahazriaty/.katalon/tools/android_sdk/platform-tools/adb'
[35m[ADB][39m Getting device platform version
[35m[UiAutomator2][39m Relaxing hidden api policy
[35m[ADB][39m Package name: 'com.google.android.calculator'
[35m[ADB][39m Main activity name: 'com.android.calculator2.Calculator'
[35m[ADB][39m Using 'apksigner.jar' from '/Users/arisahazriaty/.katalon/tools/android_sdk/build-tools/29.0.3/lib/apksigner.jar'
[35m[ADB][39m '/usr/local/lib/node_modules/appium/node_modules/appium-uiautomator2-server/apks/appium-uiautomator2-server-v4.21.1.apk' is signed with the default certificate
[35m[ADB][39m '/usr/local/lib/node_modules/appium/node_modules/appium-uiautomator2-server/apks/appium-uiautomator2-server-debug-androidTest.apk' is signed with the default certificate
[35m[UiAutomator2][39m Server packages are not going to be (re)installed
[35m[ADB][39m Adding packages ["io.appium.settings","io.appium.uiautomator2.server","io.appium.uiautomator2.server.test"] to Doze whitelist
[35m[ADB][39m '/Users/arisahazriaty/Katalon Studio/Mobile-Calculator/Data Files/Kalkulator.apk' is signed with the default certificate
[35m[UiAutomator2][39m Starting UIAutomator2 server 4.21.1
[35m[UiAutomator2][39m Using UIAutomator2 server from '/usr/local/lib/node_modules/appium/node_modules/appium-uiautomator2-server/apks/appium-uiautomator2-server-v4.21.1.apk' and test from '/usr/local/lib/node_modules/appium/node_modules/appium-uiautomator2-server/apks/appium-uiautomator2-server-debug-androidTest.apk'
[35m[UiAutomator2][39m Waiting up to 30000ms for UiAutomator2 to be online...
[35m[WD Proxy][39m socket hang up
[35m[WD Proxy][39m socket hang up
[35m[WD Proxy][39m socket hang up
[35m[WD Proxy][39m Determined the downstream protocol as 'W3C'
[35m[AndroidDriver][39m Screen already unlocked, doing nothing
[35m[UiAutomator2][39m Starting 'com.google.android.calculator/com.android.calculator2.Calculator and waiting for 'com.google.android.calculator/com.android.calculator2.Calculator'
[35m[Appium][39m New AndroidUiautomator2Driver session created successfully, session 4d8bbb53-a888-4f11-a144-5d0fcb2dc27c added to master session list
[35m[HTTP][39m [37m<-- POST /wd/hub/session [39m[32m200[39m [90m11716 ms - 1323[39m
[35m[HTTP][39m [90m[39m
[35m[HTTP][39m [37m-->[39m [37mGET[39m [37m/wd/hub/session/4d8bbb53-a888-4f11-a144-5d0fcb2dc27c[39m
[35m[HTTP][39m [90m{}[39m
[35m[HTTP][39m [37m<-- GET /wd/hub/session/4d8bbb53-a888-4f11-a144-5d0fcb2dc27c [39m[32m200[39m [90m25 ms - 1277[39m
[35m[HTTP][39m [90m[39m
[35m[HTTP][39m [37m-->[39m [37mGET[39m [37m/wd/hub/session/4d8bbb53-a888-4f11-a144-5d0fcb2dc27c[39m
[35m[HTTP][39m [90m{}[39m
[35m[HTTP][39m [37m<-- GET /wd/hub/session/4d8bbb53-a888-4f11-a144-5d0fcb2dc27c [39m[32m200[39m [90m16 ms - 1277[39m
[35m[HTTP][39m [90m[39m
[35m[HTTP][39m [37m-->[39m [37mGET[39m [37m/wd/hub/status[39m
[35m[HTTP][39m [90m{}[39m
[35m[HTTP][39m [37m<-- GET /wd/hub/status [39m[32m200[39m [90m1 ms - 68[39m
[35m[HTTP][39m [90m[39m
[35m[HTTP][39m [37m-->[39m [37mPOST[39m [37m/wd/hub/session/4d8bbb53-a888-4f11-a144-5d0fcb2dc27c/timeouts[39m
[35m[HTTP][39m [90m{"implicit":60000}[39m
[35m[HTTP][39m [37m<-- POST /wd/hub/session/4d8bbb53-a888-4f11-a144-5d0fcb2dc27c/timeouts [39m[32m200[39m [90m7 ms - 14[39m
[35m[HTTP][39m [90m[39m
[35m[HTTP][39m [37m-->[39m [37mGET[39m [37m/wd/hub/session/4d8bbb53-a888-4f11-a144-5d0fcb2dc27c/source[39m
[35m[HTTP][39m [90m{}[39m
[35m[W3C (4d8bbb53)][39m Driver proxy active, passing request on via HTTP proxy
[35m[WD Proxy][39m Replacing sessionId 0183a180-3f6f-4663-92f9-7a810e351526 with 4d8bbb53-a888-4f11-a144-5d0fcb2dc27c
[35m[HTTP][39m [37m<-- GET /wd/hub/session/4d8bbb53-a888-4f11-a144-5d0fcb2dc27c/source [39m[32m200[39m [90m390 ms - 27136[39m
[35m[HTTP][39m [90m[39m
[35m[HTTP][39m [37m-->[39m [37mGET[39m [37m/wd/hub/session/4d8bbb53-a888-4f11-a144-5d0fcb2dc27c/screenshot[39m
[35m[HTTP][39m [90m{}[39m
[35m[HTTP][39m [37m<-- GET /wd/hub/session/4d8bbb53-a888-4f11-a144-5d0fcb2dc27c/screenshot [39m[32m200[39m [90m763 ms - 121282[39m
[35m[HTTP][39m [90m[39m
[35m[HTTP][39m [37m-->[39m [37mGET[39m [37m/wd/hub/session/4d8bbb53-a888-4f11-a144-5d0fcb2dc27c/source[39m
[35m[HTTP][39m [90m{}[39m
[35m[W3C (4d8bbb53)][39m Driver proxy active, passing request on via HTTP proxy
[35m[WD Proxy][39m Replacing sessionId 0183a180-3f6f-4663-92f9-7a810e351526 with 4d8bbb53-a888-4f11-a144-5d0fcb2dc27c
[35m[HTTP][39m [37m<-- GET /wd/hub/session/4d8bbb53-a888-4f11-a144-5d0fcb2dc27c/source [39m[32m200[39m [90m286 ms - 26025[39m
[35m[HTTP][39m [90m[39m
[35m[HTTP][39m [37m-->[39m [37mGET[39m [37m/wd/hub/session/4d8bbb53-a888-4f11-a144-5d0fcb2dc27c/screenshot[39m
[35m[HTTP][39m [90m{}[39m
[35m[HTTP][39m [37m<-- GET /wd/hub/session/4d8bbb53-a888-4f11-a144-5d0fcb2dc27c/screenshot [39m[32m200[39m [90m827 ms - 122490[39m
[35m[HTTP][39m [90m[39m
[35m[HTTP][39m [37m-->[39m [37mPOST[39m [37m/wd/hub/session/4d8bbb53-a888-4f11-a144-5d0fcb2dc27c/elements[39m
[35m[HTTP][39m [90m{"using":"xpath","value":"//*[@class = 'android.widget.Button' and (@text = 'C' or . = 'C') and @resource-id = 'com.google.android.calculator:id/clr']"}[39m
[35m[HTTP][39m [37m<-- POST /wd/hub/session/4d8bbb53-a888-4f11-a144-5d0fcb2dc27c/elements [39m[32m200[39m [90m17718 ms - 139[39m
[35m[HTTP][39m [90m[39m
[35m[HTTP][39m [37m-->[39m [37mDELETE[39m [37m/wd/hub/session/4d8bbb53-a888-4f11-a144-5d0fcb2dc27c[39m
[35m[HTTP][39m [90m{}[39m
[35m[Appium][39m Removing session 4d8bbb53-a888-4f11-a144-5d0fcb2dc27c from our master session list
[35m[UiAutomator2][39m Restoring hidden api policy to the device default configuration
[35m[HTTP][39m [37m<-- DELETE /wd/hub/session/4d8bbb53-a888-4f11-a144-5d0fcb2dc27c [39m[32m200[39m [90m600 ms - 14[39m
[35m[HTTP][39m [90m[39m
